This is XeTeX, Version 3.14159265-2.6-0.99992 (TeX Live 2015/Debian) (preloaded format=xelatex 2019.3.16)  19 MAR 2019 10:57
entering extended mode
 restricted \write18 enabled.
 %&-line parsing enabled.
**configure.tex
(./configure.tex
LaTeX2e <2016/02/01>
Babel <3.9q> and hyphenation patterns for 81 language(s) loaded.
(/usr/share/texlive/texmf-dist/tex/latex/base/report.cls
Document Class: report 2014/09/29 v1.4h Standard LaTeX document class
(/usr/share/texlive/texmf-dist/tex/latex/base/size12.clo
File: size12.clo 2014/09/29 v1.4h Standard LaTeX file (size option)
)
\c@part=\count79
\c@chapter=\count80
\c@section=\count81
\c@subsection=\count82
\c@subsubsection=\count83
\c@paragraph=\count84
\c@subparagraph=\count85
\c@figure=\count86
\c@table=\count87
\abovecaptionskip=\skip41
\belowcaptionskip=\skip42
\bibindent=\dimen102
)
(/usr/share/texlive/texmf-dist/tex/generic/ifxetex/ifxetex.sty
Package: ifxetex 2010/09/12 v0.6 Provides ifxetex conditional
)
(/usr/share/texlive/texmf-dist/tex/latex/fontspec/fontspec.sty
(/usr/share/texlive/texmf-dist/tex/latex/l3kernel/expl3.sty
Package: expl3 2016/01/19 v6377 L3 programming layer (loader) 

(/usr/share/texlive/texmf-dist/tex/latex/l3kernel/expl3-code.tex
Package: expl3 2016/01/19 v6377 L3 programming layer (code)
L3 Module: l3bootstrap 2016/01/01 v6339 L3 Bootstrap code
L3 Module: l3names 2015/12/21 v6328 L3 Namespace for primitives
L3 Module: l3basics 2015/11/22 v6315 L3 Basic definitions
L3 Module: l3expan 2015/09/10 v5983 L3 Argument expansion
L3 Module: l3tl 2015/09/29 v6121 L3 Token lists
L3 Module: l3str 2016/01/03 v6357 L3 Strings
L3 Module: l3seq 2015/08/05 v5777 L3 Sequences and stacks
L3 Module: l3int 2016/01/05 v6366 L3 Integers
\c_max_int=\count88
\l_tmpa_int=\count89
\l_tmpb_int=\count90
\g_tmpa_int=\count91
\g_tmpb_int=\count92
L3 Module: l3quark 2015/08/17 v5855 L3 Quarks
L3 Module: l3prg 2015/11/01 v6216 L3 Control structures
\g__prg_map_int=\count93
L3 Module: l3clist 2015/09/02 v5901 L3 Comma separated lists
L3 Module: l3token 2015/11/11 v6249 L3 Experimental token manipulation
L3 Module: l3prop 2016/01/05 v6366 L3 Property lists
L3 Module: l3msg 2015/09/28 v6113 L3 Messages
L3 Module: l3file 2015/12/03 v6317 L3 File and I/O operations
\l_iow_line_count_int=\count94
\l__iow_target_count_int=\count95
\l__iow_current_line_int=\count96
\l__iow_current_word_int=\count97
\l__iow_current_indentation_int=\count98
L3 Module: l3skip 2016/01/05 v6366 L3 Dimensions and skips
\c_zero_dim=\dimen103
\c_max_dim=\dimen104
\l_tmpa_dim=\dimen105
\l_tmpb_dim=\dimen106
\g_tmpa_dim=\dimen107
\g_tmpb_dim=\dimen108
\c_zero_skip=\skip43
\c_max_skip=\skip44
\l_tmpa_skip=\skip45
\l_tmpb_skip=\skip46
\g_tmpa_skip=\skip47
\g_tmpb_skip=\skip48
\c_zero_muskip=\muskip10
\c_max_muskip=\muskip11
\l_tmpa_muskip=\muskip12
\l_tmpb_muskip=\muskip13
\g_tmpa_muskip=\muskip14
\g_tmpb_muskip=\muskip15
L3 Module: l3keys 2015/11/17 v6284 L3 Key-value interfaces
\g__keyval_level_int=\count99
\l_keys_choice_int=\count100
L3 Module: l3fp 2015/08/25 v5890 L3 Floating points
\c__fp_leading_shift_int=\count101
\c__fp_middle_shift_int=\count102
\c__fp_trailing_shift_int=\count103
\c__fp_big_leading_shift_int=\count104
\c__fp_big_middle_shift_int=\count105
\c__fp_big_trailing_shift_int=\count106
\c__fp_Bigg_leading_shift_int=\count107
\c__fp_Bigg_middle_shift_int=\count108
\c__fp_Bigg_trailing_shift_int=\count109
L3 Module: l3box 2015/08/09 v5822 L3 Experimental boxes
\c_empty_box=\box26
\l_tmpa_box=\box27
\l_tmpb_box=\box28
\g_tmpa_box=\box29
\g_tmpb_box=\box30
L3 Module: l3coffins 2015/08/06 v5789 L3 Coffin code layer
\l__coffin_internal_box=\box31
\l__coffin_internal_dim=\dimen109
\l__coffin_offset_x_dim=\dimen110
\l__coffin_offset_y_dim=\dimen111
\l__coffin_x_dim=\dimen112
\l__coffin_y_dim=\dimen113
\l__coffin_x_prime_dim=\dimen114
\l__coffin_y_prime_dim=\dimen115
\c_empty_coffin=\box32
\l__coffin_aligned_coffin=\box33
\l__coffin_aligned_internal_coffin=\box34
\l_tmpa_coffin=\box35
\l_tmpb_coffin=\box36
\l__coffin_display_coffin=\box37
\l__coffin_display_coord_coffin=\box38
\l__coffin_display_pole_coffin=\box39
\l__coffin_display_offset_dim=\dimen116
\l__coffin_display_x_dim=\dimen117
\l__coffin_display_y_dim=\dimen118
L3 Module: l3color 2014/08/23 v5354 L3 Experimental color support
L3 Module: l3sys 2015/09/25 v6087 L3 Experimental system/runtime functions
L3 Module: l3candidates 2016/01/14 v6376 L3 Experimental additions to l3kernel
\l__box_top_dim=\dimen119
\l__box_bottom_dim=\dimen120
\l__box_left_dim=\dimen121
\l__box_right_dim=\dimen122
\l__box_top_new_dim=\dimen123
\l__box_bottom_new_dim=\dimen124
\l__box_left_new_dim=\dimen125
\l__box_right_new_dim=\dimen126
\l__box_internal_box=\box40
\l__coffin_bounding_shift_dim=\dimen127
\l__coffin_left_corner_dim=\dimen128
\l__coffin_right_corner_dim=\dimen129
\l__coffin_bottom_corner_dim=\dimen130
\l__coffin_top_corner_dim=\dimen131
\l__coffin_scaled_total_height_dim=\dimen132
\l__coffin_scaled_width_dim=\dimen133
L3 Module: l3luatex 2015/11/11 v6250 L3 Experimental LuaTeX-specific functions
)
(/usr/share/texlive/texmf-dist/tex/latex/l3kernel/l3xdvipdfmx.def
File: l3xdvidpfmx.def 2015/11/11 v6250 L3 Experimental driver: xdvipdfmx
))
(/usr/share/texlive/texmf-dist/tex/latex/l3packages/xparse/xparse.sty
Package: xparse 2016/01/19 v6377 L3 Experimental document command parser
\l__xparse_current_arg_int=\count110
\l__xparse_m_args_int=\count111
\l__xparse_mandatory_args_int=\count112
\l__xparse_processor_int=\count113
\l__xparse_v_nesting_int=\count114
)
Package: fontspec 2016/02/01 v2.5a Font selection for XeLaTeX and LuaLaTeX

(/usr/share/texlive/texmf-dist/tex/latex/fontspec/fontspec-xetex.sty
Package: fontspec-xetex 2016/02/01 v2.5a Font selection for XeLaTeX and LuaLaTe
X
\l_fontspec_script_int=\count115
\l_fontspec_language_int=\count116
\l_fontspec_strnum_int=\count117
\l__fontspec_tmpa_dim=\dimen134
\l__fontspec_tmpb_dim=\dimen135
\l__fontspec_tmpc_dim=\dimen136
\g__file_internal_ior=\read1

(/usr/share/texlive/texmf-dist/tex/latex/base/fontenc.sty
Package: fontenc 2005/09/27 v1.99g Standard LaTeX package

(/usr/share/texlive/texmf-dist/tex/latex/euenc/eu1enc.def
File: eu1enc.def 2010/05/27 v0.1h Experimental Unicode font encodings
)
LaTeX Font Info:    Try loading font information for EU1+lmr on input line 105.


(/usr/share/texlive/texmf-dist/tex/latex/euenc/eu1lmr.fd
File: eu1lmr.fd 2009/10/30 v1.6 Font defs for Latin Modern
))
(/usr/share/texlive/texmf-dist/tex/xelatex/xunicode/xunicode.sty
File: xunicode.sty 2011/09/09 v0.981 provides access to latin accents and many 
other characters in Unicode lower plane

(/usr/share/texmf/tex/latex/tipa/t3enc.def
File: t3enc.def 2001/12/31 T3 encoding
LaTeX Font Info:    Try loading font information for EU1+lmss on input line 357
.

(/usr/share/texlive/texmf-dist/tex/latex/euenc/eu1lmss.fd
File: eu1lmss.fd 2009/10/30 v1.6 Font defs for Latin Modern
))
\tipaTiiicode=\count118
\tipasavetokens=\toks14
\tipachecktokens=\toks15

(/usr/share/texlive/texmf-dist/tex/latex/graphics/graphicx.sty
Package: graphicx 2014/10/28 v1.0g Enhanced LaTeX Graphics (DPC,SPQR)

(/usr/share/texlive/texmf-dist/tex/latex/graphics/keyval.sty
Package: keyval 2014/10/28 v1.15 key=value parser (DPC)
\KV@toks@=\toks16
)
(/usr/share/texlive/texmf-dist/tex/latex/graphics/graphics.sty
Package: graphics 2016/01/03 v1.0q Standard LaTeX Graphics (DPC,SPQR)

(/usr/share/texlive/texmf-dist/tex/latex/graphics/trig.sty
Package: trig 2016/01/03 v1.10 sin cos tan (DPC)
)
(/usr/share/texlive/texmf-dist/tex/latex/latexconfig/graphics.cfg
File: graphics.cfg 2010/04/23 v1.9 graphics configuration of TeX Live
)
Package graphics Info: Driver file: xetex.def on input line 95.

(/usr/share/texlive/texmf-dist/tex/xelatex/xetex-def/xetex.def
File: xetex.def 2015/09/11 v4.06 LaTeX color/graphics driver for XeTeX (TeX Liv
e/RRM/JK)

(/usr/share/texlive/texmf-dist/tex/generic/oberdiek/infwarerr.sty
Package: infwarerr 2010/04/08 v1.3 Providing info/warning/error messages (HO)
)
(/usr/share/texlive/texmf-dist/tex/generic/oberdiek/ltxcmds.sty
Package: ltxcmds 2011/11/09 v1.22 LaTeX kernel commands for general use (HO)
)))
\Gin@req@height=\dimen137
\Gin@req@width=\dimen138
))
.................................................
. LaTeX info: "xparse/define-command"
. 
. Defining command \__fontspec_post_arg:w with sig. 'mmO{}' on line 353.
.................................................
.................................................
. LaTeX info: "xparse/define-command"
. 
. Defining command \fontspec with sig. 'om' on line 355.
.................................................
.................................................
. LaTeX info: "xparse/define-command"
. 
. Defining command \setmainfont with sig. 'om' on line 365.
.................................................
.................................................
. LaTeX info: "xparse/define-command"
. 
. Defining command \setsansfont with sig. 'om' on line 375.
.................................................
.................................................
. LaTeX info: "xparse/define-command"
. 
. Defining command \setmonofont with sig. 'om' on line 385.
.................................................
.................................................
. LaTeX info: "xparse/define-command"
. 
. Defining command \setmathrm with sig. 'om' on line 399.
.................................................
.................................................
. LaTeX info: "xparse/define-command"
. 
. Defining command \setboldmathrm with sig. 'om' on line 407.
.................................................
.................................................
. LaTeX info: "xparse/define-command"
. 
. Defining command \setmathsf with sig. 'om' on line 415.
.................................................
.................................................
. LaTeX info: "xparse/define-command"
. 
. Defining command \setmathtt with sig. 'om' on line 423.
.................................................
.................................................
. LaTeX info: "xparse/define-command"
. 
. Defining command \newfontfamily with sig. 'mom' on line 437.
.................................................
.................................................
. LaTeX info: "xparse/define-command"
. 
. Defining command \newfontface with sig. 'mom' on line 453.
.................................................
.................................................
. LaTeX info: "xparse/define-command"
. 
. Defining command \defaultfontfeatures with sig. 't+om' on line 467.
.................................................
.................................................
. LaTeX info: "xparse/define-command"
. 
. Defining command \addfontfeatures with sig. 'm' on line 529.
.................................................
.................................................
. LaTeX info: "xparse/define-command"
. 
. Defining command \newfontfeature with sig. 'mm' on line 540.
.................................................
.................................................
. LaTeX info: "xparse/define-command"
. 
. Defining command \newAATfeature with sig. 'mmmm' on line 548.
.................................................
.................................................
. LaTeX info: "xparse/define-command"
. 
. Defining command \newopentypefeature with sig. 'mmm' on line 556.
.................................................
.................................................
. LaTeX info: "xparse/define-command"
. 
. Defining command \aliasfontfeature with sig. 'mm' on line 577.
.................................................
.................................................
. LaTeX info: "xparse/define-command"
. 
. Defining command \aliasfontfeatureoption with sig. 'mmm' on line 586.
.................................................
.................................................
. LaTeX info: "xparse/define-command"
. 
. Defining command \newfontscript with sig. 'mm' on line 590.
.................................................
.................................................
. LaTeX info: "xparse/define-command"
. 
. Defining command \newfontlanguage with sig. 'mm' on line 594.
.................................................
.................................................
. LaTeX info: "xparse/define-command"
. 
. Defining command \DeclareFontsExtensions with sig. 'm' on line 599.
.................................................
\l__fontspec_tmp_int=\count119

(/usr/share/texlive/texmf-dist/tex/latex/fontspec/fontspec.cfg)
LaTeX Info: Redefining \itshape on input line 2705.
LaTeX Info: Redefining \slshape on input line 2710.
LaTeX Info: Redefining \scshape on input line 2715.
LaTeX Info: Redefining \upshape on input line 2720.
\l__fontspec_em_int=\count120
\l__fontspec_emdef_int=\count121
LaTeX Info: Redefining \em on input line 2736.
LaTeX Info: Redefining \emph on input line 2742.
LaTeX Info: Redefining \- on input line 2746.
.................................................
. LaTeX info: "xparse/redefine-command"
. 
. Redefining command \oldstylenums with sig. 'm' on line 2841.
.................................................
.................................................
. LaTeX info: "xparse/define-command"
. 
. Defining command \liningnums with sig. 'm' on line 2845.
.................................................
))
(/usr/share/texlive/texmf-dist/tex/xelatex/xecjk/xeCJK.sty
Package: xeCJK 2016/02/10 v3.3.4 Typesetting CJK scripts with XeLaTeX

(/usr/share/texlive/texmf-dist/tex/latex/l3packages/xtemplate/xtemplate.sty
Package: xtemplate 2016/01/19 v6377 L3 Experimental prototype document function
s
\l__xtemplate_tmp_dim=\dimen139
\l__xtemplate_tmp_int=\count122
\l__xtemplate_tmp_muskip=\muskip16
\l__xtemplate_tmp_skip=\skip49
)
(/usr/share/texlive/texmf-dist/tex/latex/l3packages/l3keys2e/l3keys2e.sty
Package: l3keys2e 2016/01/19 v6377 LaTeX2e option processing using LaTeX3 keys
)
\l__xeCJK_tmp_int=\count123
\l__xeCJK_tmp_box=\box41
\l__xeCJK_tmp_dim=\dimen140
\l__xeCJK_tmp_skip=\skip50
.................................................
. LaTeX info: "xparse/define-command"
. 
. Defining command \xeCJKShipoutHook with sig. '' on line 151.
.................................................
\g__xeCJK_spacefactor_int=\count124
\l__xeCJK_begin_int=\count125
\l__xeCJK_end_int=\count126
.................................................
. LaTeX info: "xparse/define-command"
. 
. Defining command \makexeCJKactive with sig. '' on line 380.
.................................................
.................................................
. LaTeX info: "xparse/define-command"
. 
. Defining command \makexeCJKinactive with sig. '' on line 381.
.................................................
\c__xeCJK_CJK_class_int=\XeTeXcharclass1
\c__xeCJK_FullLeft_class_int=\XeTeXcharclass2
\c__xeCJK_FullRight_class_int=\XeTeXcharclass3
\c__xeCJK_HalfLeft_class_int=\XeTeXcharclass4
\c__xeCJK_HalfRight_class_int=\XeTeXcharclass5
\c__xeCJK_NormalSpace_class_int=\XeTeXcharclass6
\c__xeCJK_CM_class_int=\XeTeXcharclass7
\c__xeCJK_HangulJamo_class_int=\XeTeXcharclass8
.................................................
. LaTeX info: "xparse/define-command"
. 
. Defining command \xeCJKDeclareCharClass with sig. 's>{\TrimSpaces }mm' on
. line 555.
.................................................
.................................................
. LaTeX info: "xparse/define-command"
. 
. Defining command \__xeCJK_set_char_class_aux:Nnw with sig.
. 'm>{\SplitArgument {1}{->}}m' on line 572.
.................................................
.................................................
. LaTeX info: "xparse/define-command"
. 
. Defining command \normalspacedchars with sig. 'm' on line 617.
.................................................
.................................................
. LaTeX info: "xparse/define-command"
. 
. Defining command \xeCJKResetPunctClass with sig. '' on line 624.
.................................................
.................................................
. LaTeX info: "xparse/define-command"
. 
. Defining command \xeCJKResetCharClass with sig. '' on line 632.
.................................................
\g__xeCJK_node_int=\count127
\c__xeCJK_CJK_node_dim=\dimen141
\c__xeCJK_CJK-space_node_dim=\dimen142
\c__xeCJK_default_node_dim=\dimen143
\c__xeCJK_default-space_node_dim=\dimen144
\c__xeCJK_CJK-widow_node_dim=\dimen145
\c__xeCJK_normalspace_node_dim=\dimen146
\l__xeCJK_ccglue_skip=\skip51
\l__xeCJK_ecglue_skip=\skip52
.................................................
. LaTeX info: "xparse/define-command"
. 
. Defining command \xeCJKnobreak with sig. '' on line 1409.
.................................................
\l__xeCJK_widow_penalty_int=\count128
.................................................
. LaTeX info: "xparse/define-command"
. 
. Defining command \xeCJKDeclareSubCJKBlock with sig. 's>{\TrimSpaces
. }m>{\TrimSpaces }m' on line 1605.
.................................................
.................................................
. LaTeX info: "xparse/define-command"
. 
. Defining command \xeCJKCancelSubCJKBlock with sig. 'sm' on line 1616.
.................................................
.................................................
. LaTeX info: "xparse/define-command"
. 
. Defining command \xeCJKRestoreSubCJKBlock with sig. 'sm' on line 1625.
.................................................
.................................................
. LaTeX info: "xparse/define-command"
. 
. Defining command \xeCJKsetwidth with sig. 'smm' on line 1723.
.................................................
.................................................
. LaTeX info: "xparse/define-command"
. 
. Defining command \xeCJKsetkern with sig. 'mmm' on line 1727.
.................................................
.................................................
. xtemplate info: "declare-object-type"
. 
. Declaring object type 'xeCJK/punctuation' taking \c_zero  argument(s) on
. line 1828.
.................................................
\l__xeCJK_fixed_punct_width_dim=\dimen147
\l__xeCJK_mixed_punct_width_dim=\dimen148
\l__xeCJK_middle_punct_width_dim=\dimen149
\l__xeCJK_fixed_margin_width_dim=\dimen150
\l__xeCJK_mixed_margin_width_dim=\dimen151
\l__xeCJK_middle_margin_width_dim=\dimen152
\l__xeCJK_bound_punct_width_dim=\dimen153
\l__xeCJK_bound_margin_width_dim=\dimen154
\l__xeCJK_margin_minimum_dim=\dimen155
\l__xeCJK_kerning_total_width_dim=\dimen156
\l__xeCJK_same_align_margin_dim=\dimen157
\l__xeCJK_different_align_margin_dim=\dimen158
\l__xeCJK_kerning_margin_width_dim=\dimen159
\l__xeCJK_kerning_margin_minimum_dim=\dimen160
\l__xeCJK_bound_dim=\dimen161
\l__xeCJK_reverse_bound_dim=\dimen162
.................................................
. LaTeX info: "xparse/define-command"
. 
. Defining command \xeCJKDeclarePunctStyle with sig. '>{\TrimSpaces }mm' on
. line 2313.
.................................................
.................................................
. LaTeX info: "xparse/define-command"
. 
. Defining command \xeCJKEditPunctStyle with sig. '>{\TrimSpaces }mm' on line
. 2326.
.................................................
.................................................
. LaTeX info: "xparse/define-command"
. 
. Defining command \setCJKfallbackfamilyfont with sig. 'mO{}m' on line 2414.
.................................................
\g__xeCJK_family_int=\count129
.................................................
. LaTeX info: "xparse/define-command"
. 
. Defining command \CJKfamily with sig. 't+t-m' on line 2838.
.................................................
.................................................
. LaTeX info: "xparse/define-command"
. 
. Defining command \__xeCJK_gobble_CJKfamily:wn with sig. 't+t-m' on line
. 2852.
.................................................
.................................................
. LaTeX info: "xparse/define-command"
. 
. Defining command \setCJKmainfont with sig. 'O{}m' on line 2902.
.................................................
.................................................
. LaTeX info: "xparse/define-command"
. 
. Defining command \setCJKsansfont with sig. 'O{}m' on line 2908.
.................................................
.................................................
. LaTeX info: "xparse/define-command"
. 
. Defining command \setCJKmonofont with sig. 'O{}m' on line 2913.
.................................................
.................................................
. LaTeX info: "xparse/define-command"
. 
. Defining command \setCJKfamilyfont with sig. 'mO{}m' on line 2920.
.................................................
.................................................
. LaTeX info: "xparse/define-command"
. 
. Defining command \newCJKfontfamily with sig. 'omO{}m' on line 2926.
.................................................
.................................................
. LaTeX info: "xparse/define-command"
. 
. Defining command \CJKfontspec with sig. 'O{}m' on line 2931.
.................................................
.................................................
. LaTeX info: "xparse/define-command"
. 
. Defining command \defaultCJKfontfeatures with sig. 'm' on line 2954.
.................................................
.................................................
. LaTeX info: "xparse/define-command"
. 
. Defining command \addCJKfontfeatures with sig. 'sO{}m' on line 2960.
.................................................
.................................................
. LaTeX info: "xparse/define-command"
. 
. Defining command \setCJKmathfont with sig. 'O{}m' on line 3130.
.................................................
\l__xeCJK_verb_case_int=\count130
.................................................
. LaTeX info: "xparse/define-command"
. 
. Defining command \xeCJKVerbAddon with sig. '' on line 3283.
.................................................
.................................................
. LaTeX info: "xparse/define-command"
. 
. Defining command \xeCJKOffVerbAddon with sig. '' on line 3287.
.................................................
\l__xeCJK_verb_exspace_skip=\skip53

(/usr/share/texlive/texmf-dist/tex/xelatex/xecjk/xunicode-addon.sty
Package: xunicode-addon 2016/02/10 v3.3.4 addon file for xunicode
.................................................
. LaTeX info: "xparse/redefine-command"
. 
. Redefining command \ReloadXunicode with sig. 'm' on line 87.
.................................................
.................................................
. LaTeX info: "xparse/redefine-command"
. 
. Redefining command \DeclareUTFmathsymbols with sig. 'm' on line 132.
.................................................
.................................................
. LaTeX info: "xparse/redefine-command"
. 
. Redefining command \UseMathAsText with sig. '' on line 141.
.................................................
.................................................
. LaTeX info: "xparse/redefine-command"
. 
. Redefining command \UndeclareUTFcharacter with sig. 'O{\UTFencname }mm' on
. line 176.
.................................................
.................................................
. LaTeX info: "xparse/redefine-command"
. 
. Redefining command \UndeclareUTFcomposite with sig. 'O{\UTFencname }mmm' on
. line 183.
.................................................
.................................................
. LaTeX info: "xparse/redefine-command"
. 
. Redefining command \DeclareUTFcharacter with sig. 'O{\UTFencname }mm' on
. line 210.
.................................................
.................................................
. LaTeX info: "xparse/define-command"
. 
. Defining command \DeclareUTFSymbol with sig. 'mO{\UTFencname }m' on line
. 236.
.................................................
.................................................
. LaTeX info: "xparse/define-command"
. 
. Defining command \DeclareUTFCommand with sig. 'mO{\UTFencname }m' on line
. 238.
.................................................
.................................................
. LaTeX info: "xparse/redefine-command"
. 
. Redefining command \DeclareUTFcomposite with sig. 'O{\UTFencname }mmm' on
. line 281.
.................................................
.................................................
. LaTeX info: "xparse/define-command"
. 
. Defining command \DeclareUTFCompositeCommand with sig. 'mO{\UTFencname }mm'
. on line 294.
.................................................
.................................................
. LaTeX info: "xparse/define-command"
. 
. Defining command \DeclareUTFCompositeSymbol with sig. 'mO{\UTFencname }mm'
. on line 299.
.................................................
.................................................
. LaTeX info: "xparse/define-command"
. 
. Defining command \DeclareUTFComposite with sig. 'mO{\UTFencname }' on line
. 301.
.................................................
.................................................
. LaTeX info: "xparse/define-command"
. 
. Defining command \DeclareUTFEncodedAccent with sig. 'mO{\UTFencname }mm' on
. line 303.
.................................................
.................................................
. LaTeX info: "xparse/define-command"
. 
. Defining command \DeclareUTFEncodedAccents with sig. 'mO{\UTFencname }mm' on
. line 305.
.................................................
.................................................
. LaTeX info: "xparse/define-command"
. 
. Defining command \DeclareUTFEncodedSymbol with sig. 'mO{\UTFencname }mm' on
. line 307.
.................................................
.................................................
. LaTeX info: "xparse/define-command"
. 
. Defining command \DeclareUTFEncodedCircle with sig. 'mO{\UTFencname }mm' on
. line 309.
.................................................
.................................................
. LaTeX info: "xparse/redefine-command"
. 
. Redefining command \DeclareEncodedCompositeCharacter with sig. 'mmmm' on
. line 311.
.................................................
.................................................
. LaTeX info: "xparse/redefine-command"
. 
. Redefining command \DeclareEncodedCompositeAccents with sig. 'mmmm' on line
. 313.
.................................................
.................................................
. LaTeX info: "xparse/define-command"
. 
. Defining command \DeclareUTFDoubleEncodedAccent with sig. 'mO{\UTFencname
. }mm' on line 315.
.................................................
.................................................
. LaTeX info: "xparse/define-command"
. 
. Defining command \DeclareUTFDoubleEncodedSymbol with sig. 'mO{\UTFencname
. }mm' on line 317.
.................................................
\l__xunadd_tmp_coffin=\box42
\l__xunadd_circle_coffin=\box43
.................................................
. LaTeX info: "xparse/define-command"
. 
. Defining command \settextcircledratio with sig. 'm' on line 468.
.................................................
.................................................
. LaTeX info: "xparse/define-command"
. 
. Defining command \AtBeginUTFCommand with sig. 'sO{}+m' on line 537.
.................................................
.................................................
. LaTeX info: "xparse/define-command"
. 
. Defining command \AtEndUTFCommand with sig. 'sO{}+m' on line 547.
.................................................
.................................................
. LaTeX info: "xparse/define-command"
. 
. Defining command \DeclareUTFTIPACommand with sig. 'O{\UTFencname }m' on line
. 579.
.................................................
)
(/usr/share/texlive/texmf-dist/tex/xelatex/xunicode/xunicode.sty
File: xunicode.sty 2011/09/09 v0.981 provides access to latin accents and many 
other characters in Unicode lower plane

*** Reloading Xunicode for encoding 'EU1' ***
) (/usr/share/texlive/texmf-dist/tex/xelatex/xecjk/xunicode-extra.def
File: xunicode-extra.def 2016/02/10 v3.3.4 extra definition for xunicode
)
.................................................
. LaTeX info: "xparse/define-command"
. 
. Defining command \xeCJKsetup with sig. '+m' on line 3588.
.................................................
.................................................
. LaTeX info: "xparse/define-command"
. 
. Defining command \xeCJKsetemboldenfactor with sig. 'm' on line 3590.
.................................................
.................................................
. LaTeX info: "xparse/define-command"
. 
. Defining command \xeCJKsetslantfactor with sig. 'm' on line 3592.
.................................................
.................................................
. LaTeX info: "xparse/define-command"
. 
. Defining command \punctstyle with sig. 'm' on line 3593.
.................................................
.................................................
. LaTeX info: "xparse/define-command"
. 
. Defining command \xeCJKplainchr with sig. '' on line 3594.
.................................................
.................................................
. LaTeX info: "xparse/define-command"
. 
. Defining command \CJKsetecglue with sig. 'm' on line 3595.
.................................................
.................................................
. LaTeX info: "xparse/define-command"
. 
. Defining command \CJKspace with sig. '' on line 3597.
.................................................
.................................................
. LaTeX info: "xparse/define-command"
. 
. Defining command \CJKnospace with sig. '' on line 3598.
.................................................
.................................................
. LaTeX info: "xparse/define-command"
. 
. Defining command \xeCJKallowbreakbetweenpuncts with sig. '' on line 3600.
.................................................
.................................................
. LaTeX info: "xparse/define-command"
. 
. Defining command \xeCJKnobreakbetweenpuncts with sig. '' on line 3602.
.................................................
.................................................
. LaTeX info: "xparse/define-command"
. 
. Defining command \xeCJKenablefallback with sig. '' on line 3604.
.................................................
.................................................
. LaTeX info: "xparse/define-command"
. 
. Defining command \xeCJKdisablefallback with sig. '' on line 3606.
.................................................
.................................................
. LaTeX info: "xparse/define-command"
. 
. Defining command \xeCJKsetcharclass with sig. 'mmm' on line 3611.
.................................................
.................................................
. LaTeX info: "xparse/redefine-command"
. 
. Redefining command \nobreakspace with sig. '' on line 3730.
.................................................
.................................................
. LaTeX info: "xparse/redefine-command"
. 
. Redefining command \fontfamily with sig. 'm' on line 3776.
.................................................

(/usr/share/texlive/texmf-dist/tex/xelatex/xecjk/xeCJK.cfg
File: xeCJK.cfg 2016/02/10 v3.3.4 Configuration file for xeCJK package
))
(/usr/share/texlive/texmf-dist/tex/latex/geometry/geometry.sty
Package: geometry 2010/09/12 v5.6 Page Geometry

(/usr/share/texlive/texmf-dist/tex/generic/oberdiek/ifpdf.sty
Package: ifpdf 2011/01/30 v2.3 Provides the ifpdf switch (HO)
Package ifpdf Info: pdfTeX in PDF mode is not detected.
)
(/usr/share/texlive/texmf-dist/tex/generic/oberdiek/ifvtex.sty
Package: ifvtex 2010/03/01 v1.5 Detect VTeX and its facilities (HO)
Package ifvtex Info: VTeX not detected.
)
\Gm@cnth=\count131
\Gm@cntv=\count132
\c@Gm@tempcnt=\count133
\Gm@bindingoffset=\dimen163
\Gm@wd@mp=\dimen164
\Gm@odd@mp=\dimen165
\Gm@even@mp=\dimen166
\Gm@layoutwidth=\dimen167
\Gm@layoutheight=\dimen168
\Gm@layouthoffset=\dimen169
\Gm@layoutvoffset=\dimen170
\Gm@dimlist=\toks17
)
(/usr/share/texlive/texmf-dist/tex/latex/fp/fp.sty
Package: fp 1995/04/02

`Fixed Point Package', Version 0.8, April 2, 1995 (C) Michael Mehlich
(/usr/share/texlive/texmf-dist/tex/latex/fp/defpattern.sty
Package: defpattern 1994/10/12
\actioncount=\count134
)
(/usr/share/texlive/texmf-dist/tex/latex/fp/fp-basic.sty
Package: fp-basic 1996/05/13
\FP@xs=\count135
\FP@xia=\count136
\FP@xib=\count137
\FP@xfa=\count138
\FP@xfb=\count139
\FP@rega=\count140
\FP@regb=\count141
\FP@regs=\count142
\FP@times=\count143
)
(/usr/share/texlive/texmf-dist/tex/latex/fp/fp-addons.sty
Package: fp-addons 1995/03/15
)
(/usr/share/texlive/texmf-dist/tex/latex/fp/fp-snap.sty
Package: fp-snap 1995/04/05
)
(/usr/share/texlive/texmf-dist/tex/latex/fp/fp-exp.sty
Package: fp-exp 1995/04/03
)
(/usr/share/texlive/texmf-dist/tex/latex/fp/fp-trigo.sty
Package: fp-trigo 1995/04/14
)
(/usr/share/texlive/texmf-dist/tex/latex/fp/fp-pas.sty
Package: fp-pas 1994/08/29
)
(/usr/share/texlive/texmf-dist/tex/latex/fp/fp-random.sty
Package: fp-random 1995/02/23
\FPseed=\count144
)
(/usr/share/texlive/texmf-dist/tex/latex/fp/fp-eqn.sty
Package: fp-eqn 1995/04/03
)
(/usr/share/texlive/texmf-dist/tex/latex/fp/fp-upn.sty
Package: fp-upn 1996/10/21
)
(/usr/share/texlive/texmf-dist/tex/latex/fp/fp-eval.sty
Package: fp-eval 1995/04/03
))
(/usr/share/texlive/texmf-dist/tex/latex/base/ifthen.sty
Package: ifthen 2014/09/29 v1.1c Standard LaTeX ifthen package (DPC)
)
(/usr/share/texlive/texmf-dist/tex/latex/pgf/utilities/pgfkeys.sty
(/usr/share/texlive/texmf-dist/tex/generic/pgf/utilities/pgfkeys.code.tex
\pgfkeys@pathtoks=\toks18
\pgfkeys@temptoks=\toks19

(/usr/share/texlive/texmf-dist/tex/generic/pgf/utilities/pgfkeysfiltered.code.t
ex
\pgfkeys@tmptoks=\toks20
))) (/usr/share/texlive/texmf-dist/tex/latex/amsmath/amsmath.sty
Package: amsmath 2016/03/03 v2.15a AMS math features
\@mathmargin=\skip54

For additional information on amsmath, use the `?' option.
(/usr/share/texlive/texmf-dist/tex/latex/amsmath/amstext.sty
Package: amstext 2000/06/29 v2.01 AMS text

(/usr/share/texlive/texmf-dist/tex/latex/amsmath/amsgen.sty
File: amsgen.sty 1999/11/30 v2.0 generic functions
\@emptytoks=\toks21
\ex@=\dimen171
))
(/usr/share/texlive/texmf-dist/tex/latex/amsmath/amsbsy.sty
Package: amsbsy 1999/11/29 v1.2d Bold Symbols
\pmbraise@=\dimen172
)
(/usr/share/texlive/texmf-dist/tex/latex/amsmath/amsopn.sty
Package: amsopn 1999/12/14 v2.01 operator names
)
\inf@bad=\count145
LaTeX Info: Redefining \frac on input line 199.
\uproot@=\count146
\leftroot@=\count147
LaTeX Info: Redefining \overline on input line 297.
\classnum@=\count148
\DOTSCASE@=\count149
LaTeX Info: Redefining \ldots on input line 394.
LaTeX Info: Redefining \dots on input line 397.
LaTeX Info: Redefining \cdots on input line 518.
\Mathstrutbox@=\box44
\strutbox@=\box45
\big@size=\dimen173
LaTeX Font Info:    Redeclaring font encoding OML on input line 630.
LaTeX Font Info:    Redeclaring font encoding OMS on input line 631.
\macc@depth=\count150
\c@MaxMatrixCols=\count151
\dotsspace@=\muskip17
\c@parentequation=\count152
\dspbrk@lvl=\count153
\tag@help=\toks22
\row@=\count154
\column@=\count155
\maxfields@=\count156
\andhelp@=\toks23
\eqnshift@=\dimen174
\alignsep@=\dimen175
\tagshift@=\dimen176
\tagwidth@=\dimen177
\totwidth@=\dimen178
\lineht@=\dimen179
\@envbody=\toks24
\multlinegap=\skip55
\multlinetaggap=\skip56
\mathdisplay@stack=\toks25
LaTeX Info: Redefining \[ on input line 2735.
LaTeX Info: Redefining \] on input line 2736.
)
(/usr/share/texlive/texmf-dist/tex/latex/mdframed/mdframed.sty
Package: mdframed 2013/07/01 1.9b: mdframed

(/usr/share/texlive/texmf-dist/tex/latex/oberdiek/kvoptions.sty
Package: kvoptions 2011/06/30 v3.11 Key value format for package options (HO)

(/usr/share/texlive/texmf-dist/tex/generic/oberdiek/kvsetkeys.sty
Package: kvsetkeys 2012/04/25 v1.16 Key value parser (HO)

(/usr/share/texlive/texmf-dist/tex/generic/oberdiek/etexcmds.sty
Package: etexcmds 2011/02/16 v1.5 Avoid name clashes with e-TeX commands (HO)

(/usr/share/texlive/texmf-dist/tex/generic/oberdiek/ifluatex.sty
Package: ifluatex 2010/03/01 v1.3 Provides the ifluatex switch (HO)
Package ifluatex Info: LuaTeX not detected.
)
Package etexcmds Info: Could not find \expanded.
(etexcmds)             That can mean that you are not using pdfTeX 1.50 or
(etexcmds)             that some package has redefined \expanded.
(etexcmds)             In the latter case, load this package earlier.
)))
(/usr/share/texlive/texmf-dist/tex/latex/etoolbox/etoolbox.sty
Package: etoolbox 2015/08/02 v2.2a e-TeX tools for LaTeX (JAW)
\etb@tempcnta=\count157
)
(/usr/share/texlive/texmf-dist/tex/latex/oberdiek/zref-abspage.sty
Package: zref-abspage 2012/04/04 v2.24 Module abspage for zref (HO)

(/usr/share/texlive/texmf-dist/tex/latex/oberdiek/zref-base.sty
Package: zref-base 2012/04/04 v2.24 Module base for zref (HO)

(/usr/share/texlive/texmf-dist/tex/generic/oberdiek/kvdefinekeys.sty
Package: kvdefinekeys 2011/04/07 v1.3 Define keys (HO)
)
(/usr/share/texlive/texmf-dist/tex/generic/oberdiek/pdftexcmds.sty
Package: pdftexcmds 2011/11/29 v0.20 Utility functions of pdfTeX for LuaTeX (HO
)
Package pdftexcmds Info: LuaTeX not detected.
Package pdftexcmds Info: pdfTeX >= 1.30 not detected.
Package pdftexcmds Info: \pdf@primitive is available.
Package pdftexcmds Info: \pdf@ifprimitive is available.
Package pdftexcmds Info: \pdfdraftmode not found.
)
(/usr/share/texlive/texmf-dist/tex/latex/oberdiek/auxhook.sty
Package: auxhook 2011/03/04 v1.3 Hooks for auxiliary files (HO)
)
Package zref Info: New property list: main on input line 759.
Package zref Info: New property: default on input line 760.
Package zref Info: New property: page on input line 761.
)
(/usr/share/texlive/texmf-dist/tex/generic/oberdiek/atbegshi.sty
Package: atbegshi 2011/10/05 v1.16 At begin shipout hook (HO)
)
\c@abspage=\count158
Package zref Info: New property: abspage on input line 62.
)
(/usr/share/texlive/texmf-dist/tex/latex/needspace/needspace.sty
Package: needspace 2010/09/12 v1.3d reserve vertical space
)
(/usr/share/texlive/texmf-dist/tex/latex/graphics/color.sty
Package: color 2016/01/03 v1.1b Standard LaTeX Color (DPC)

(/usr/share/texlive/texmf-dist/tex/latex/latexconfig/color.cfg
File: color.cfg 2007/01/18 v1.5 color configuration of teTeX/TeXLive
)
Package color Info: Driver file: xetex.def on input line 143.
)
\mdf@templength=\skip57
\c@mdf@globalstyle@cnt=\count159
\mdf@skipabove@length=\skip58
\mdf@skipbelow@length=\skip59
\mdf@leftmargin@length=\skip60
\mdf@rightmargin@length=\skip61
\mdf@innerleftmargin@length=\skip62
\mdf@innerrightmargin@length=\skip63
\mdf@innertopmargin@length=\skip64
\mdf@innerbottommargin@length=\skip65
\mdf@splittopskip@length=\skip66
\mdf@splitbottomskip@length=\skip67
\mdf@outermargin@length=\skip68
\mdf@innermargin@length=\skip69
\mdf@linewidth@length=\skip70
\mdf@innerlinewidth@length=\skip71
\mdf@middlelinewidth@length=\skip72
\mdf@outerlinewidth@length=\skip73
\mdf@roundcorner@length=\skip74
\mdf@footenotedistance@length=\skip75
\mdf@userdefinedwidth@length=\skip76
\mdf@needspace@length=\skip77
\mdf@frametitleaboveskip@length=\skip78
\mdf@frametitlebelowskip@length=\skip79
\mdf@frametitlerulewidth@length=\skip80
\mdf@frametitleleftmargin@length=\skip81
\mdf@frametitlerightmargin@length=\skip82
\mdf@shadowsize@length=\skip83
\mdf@extratopheight@length=\skip84
\mdf@subtitleabovelinewidth@length=\skip85
\mdf@subtitlebelowlinewidth@length=\skip86
\mdf@subtitleaboveskip@length=\skip87
\mdf@subtitlebelowskip@length=\skip88
\mdf@subtitleinneraboveskip@length=\skip89
\mdf@subtitleinnerbelowskip@length=\skip90
\mdf@subsubtitleabovelinewidth@length=\skip91
\mdf@subsubtitlebelowlinewidth@length=\skip92
\mdf@subsubtitleaboveskip@length=\skip93
\mdf@subsubtitlebelowskip@length=\skip94
\mdf@subsubtitleinneraboveskip@length=\skip95
\mdf@subsubtitleinnerbelowskip@length=\skip96

(/usr/share/texlive/texmf-dist/tex/latex/pgf/frontendlayer/tikz.sty
(/usr/share/texlive/texmf-dist/tex/latex/pgf/basiclayer/pgf.sty
(/usr/share/texlive/texmf-dist/tex/latex/pgf/utilities/pgfrcs.sty
(/usr/share/texlive/texmf-dist/tex/generic/pgf/utilities/pgfutil-common.tex
\pgfutil@everybye=\toks26
\pgfutil@tempdima=\dimen180
\pgfutil@tempdimb=\dimen181

(/usr/share/texlive/texmf-dist/tex/generic/pgf/utilities/pgfutil-common-lists.t
ex)) (/usr/share/texlive/texmf-dist/tex/generic/pgf/utilities/pgfutil-latex.def
\pgfutil@abb=\box46
(/usr/share/texlive/texmf-dist/tex/latex/ms/everyshi.sty
Package: everyshi 2001/05/15 v3.00 EveryShipout Package (MS)
))
(/usr/share/texlive/texmf-dist/tex/generic/pgf/utilities/pgfrcs.code.tex
Package: pgfrcs 2015/08/07 v3.0.1a (rcs-revision 1.31)
))
Package: pgf 2015/08/07 v3.0.1a (rcs-revision 1.15)

(/usr/share/texlive/texmf-dist/tex/latex/pgf/basiclayer/pgfcore.sty
(/usr/share/texlive/texmf-dist/tex/latex/pgf/systemlayer/pgfsys.sty
(/usr/share/texlive/texmf-dist/tex/generic/pgf/systemlayer/pgfsys.code.tex
Package: pgfsys 2014/07/09 v3.0.1a (rcs-revision 1.48)

(/usr/share/texlive/texmf-dist/tex/generic/pgf/utilities/pgfkeys.code.tex)
\pgf@x=\dimen182
\pgf@y=\dimen183
\pgf@xa=\dimen184
\pgf@ya=\dimen185
\pgf@xb=\dimen186
\pgf@yb=\dimen187
\pgf@xc=\dimen188
\pgf@yc=\dimen189
\w@pgf@writea=\write3
\r@pgf@reada=\read2
\c@pgf@counta=\count160
\c@pgf@countb=\count161
\c@pgf@countc=\count162
\c@pgf@countd=\count163
\t@pgf@toka=\toks27
\t@pgf@tokb=\toks28
\t@pgf@tokc=\toks29

(/usr/share/texlive/texmf-dist/tex/generic/pgf/systemlayer/pgf.cfg
File: pgf.cfg 2008/05/14  (rcs-revision 1.7)
)
Driver file for pgf: pgfsys-xetex.def

(/usr/share/texlive/texmf-dist/tex/generic/pgf/systemlayer/pgfsys-xetex.def
File: pgfsys-xetex.def 2014/07/09  (rcs-revision 1.11)

(/usr/share/texlive/texmf-dist/tex/generic/pgf/systemlayer/pgfsys-dvipdfmx.def
File: pgfsys-dvipdfmx.def 2014/07/09  (rcs-revision 1.14)

(/usr/share/texlive/texmf-dist/tex/generic/pgf/systemlayer/pgfsys-common-pdf.de
f
File: pgfsys-common-pdf.def 2013/10/10  (rcs-revision 1.13)
)
\pgfsys@objnum=\count164
)))
(/usr/share/texlive/texmf-dist/tex/generic/pgf/systemlayer/pgfsyssoftpath.code.
tex
File: pgfsyssoftpath.code.tex 2013/09/09  (rcs-revision 1.9)
\pgfsyssoftpath@smallbuffer@items=\count165
\pgfsyssoftpath@bigbuffer@items=\count166
)
(/usr/share/texlive/texmf-dist/tex/generic/pgf/systemlayer/pgfsysprotocol.code.
tex
File: pgfsysprotocol.code.tex 2006/10/16  (rcs-revision 1.4)
)) (/usr/share/texlive/texmf-dist/tex/latex/xcolor/xcolor.sty
Package: xcolor 2007/01/21 v2.11 LaTeX color extensions (UK)

(/usr/share/texlive/texmf-dist/tex/latex/latexconfig/color.cfg
File: color.cfg 2007/01/18 v1.5 color configuration of teTeX/TeXLive
)
Package xcolor Info: Driver file: xetex.def on input line 225.
LaTeX Info: Redefining \color on input line 702.
Package xcolor Info: Model `cmy' substituted by `cmy0' on input line 1337.
Package xcolor Info: Model `RGB' extended on input line 1353.
Package xcolor Info: Model `HTML' substituted by `rgb' on input line 1355.
Package xcolor Info: Model `Hsb' substituted by `hsb' on input line 1356.
Package xcolor Info: Model `tHsb' substituted by `hsb' on input line 1357.
Package xcolor Info: Model `HSB' substituted by `hsb' on input line 1358.
Package xcolor Info: Model `Gray' substituted by `gray' on input line 1359.
Package xcolor Info: Model `wave' substituted by `hsb' on input line 1360.
)
(/usr/share/texlive/texmf-dist/tex/generic/pgf/basiclayer/pgfcore.code.tex
Package: pgfcore 2010/04/11 v3.0.1a (rcs-revision 1.7)

(/usr/share/texlive/texmf-dist/tex/generic/pgf/math/pgfmath.code.tex
(/usr/share/texlive/texmf-dist/tex/generic/pgf/math/pgfmathcalc.code.tex
(/usr/share/texlive/texmf-dist/tex/generic/pgf/math/pgfmathutil.code.tex)
(/usr/share/texlive/texmf-dist/tex/generic/pgf/math/pgfmathparser.code.tex
\pgfmath@dimen=\dimen190
\pgfmath@count=\count167
\pgfmath@box=\box47
\pgfmath@toks=\toks30
\pgfmath@stack@operand=\toks31
\pgfmath@stack@operation=\toks32
)
(/usr/share/texlive/texmf-dist/tex/generic/pgf/math/pgfmathfunctions.code.tex
(/usr/share/texlive/texmf-dist/tex/generic/pgf/math/pgfmathfunctions.basic.code
.tex)
(/usr/share/texlive/texmf-dist/tex/generic/pgf/math/pgfmathfunctions.trigonomet
ric.code.tex)
(/usr/share/texlive/texmf-dist/tex/generic/pgf/math/pgfmathfunctions.random.cod
e.tex)
(/usr/share/texlive/texmf-dist/tex/generic/pgf/math/pgfmathfunctions.comparison
.code.tex)
(/usr/share/texlive/texmf-dist/tex/generic/pgf/math/pgfmathfunctions.base.code.
tex)
(/usr/share/texlive/texmf-dist/tex/generic/pgf/math/pgfmathfunctions.round.code
.tex)
(/usr/share/texlive/texmf-dist/tex/generic/pgf/math/pgfmathfunctions.misc.code.
tex)
(/usr/share/texlive/texmf-dist/tex/generic/pgf/math/pgfmathfunctions.integerari
thmetics.code.tex)))
(/usr/share/texlive/texmf-dist/tex/generic/pgf/math/pgfmathfloat.code.tex
\c@pgfmathroundto@lastzeros=\count168
))
(/usr/share/texlive/texmf-dist/tex/generic/pgf/basiclayer/pgfcorepoints.code.te
x
File: pgfcorepoints.code.tex 2013/10/07  (rcs-revision 1.27)
\pgf@picminx=\dimen191
\pgf@picmaxx=\dimen192
\pgf@picminy=\dimen193
\pgf@picmaxy=\dimen194
\pgf@pathminx=\dimen195
\pgf@pathmaxx=\dimen196
\pgf@pathminy=\dimen197
\pgf@pathmaxy=\dimen198
\pgf@xx=\dimen199
\pgf@xy=\dimen256
\pgf@yx=\dimen257
\pgf@yy=\dimen258
\pgf@zx=\dimen259
\pgf@zy=\dimen260
)
(/usr/share/texlive/texmf-dist/tex/generic/pgf/basiclayer/pgfcorepathconstruct.
code.tex
File: pgfcorepathconstruct.code.tex 2013/10/07  (rcs-revision 1.29)
\pgf@path@lastx=\dimen261
\pgf@path@lasty=\dimen262
)
(/usr/share/texlive/texmf-dist/tex/generic/pgf/basiclayer/pgfcorepathusage.code
.tex
File: pgfcorepathusage.code.tex 2014/11/02  (rcs-revision 1.24)
\pgf@shorten@end@additional=\dimen263
\pgf@shorten@start@additional=\dimen264
)
(/usr/share/texlive/texmf-dist/tex/generic/pgf/basiclayer/pgfcorescopes.code.te
x
File: pgfcorescopes.code.tex 2015/05/08  (rcs-revision 1.46)
\pgfpic=\box48
\pgf@hbox=\box49
\pgf@layerbox@main=\box50
\pgf@picture@serial@count=\count169
)
(/usr/share/texlive/texmf-dist/tex/generic/pgf/basiclayer/pgfcoregraphicstate.c
ode.tex
File: pgfcoregraphicstate.code.tex 2014/11/02  (rcs-revision 1.12)
\pgflinewidth=\dimen265
)
(/usr/share/texlive/texmf-dist/tex/generic/pgf/basiclayer/pgfcoretransformation
s.code.tex
File: pgfcoretransformations.code.tex 2015/08/07  (rcs-revision 1.20)
\pgf@pt@x=\dimen266
\pgf@pt@y=\dimen267
\pgf@pt@temp=\dimen268
)
(/usr/share/texlive/texmf-dist/tex/generic/pgf/basiclayer/pgfcorequick.code.tex
File: pgfcorequick.code.tex 2008/10/09  (rcs-revision 1.3)
)
(/usr/share/texlive/texmf-dist/tex/generic/pgf/basiclayer/pgfcoreobjects.code.t
ex
File: pgfcoreobjects.code.tex 2006/10/11  (rcs-revision 1.2)
)
(/usr/share/texlive/texmf-dist/tex/generic/pgf/basiclayer/pgfcorepathprocessing
.code.tex
File: pgfcorepathprocessing.code.tex 2013/09/09  (rcs-revision 1.9)
)
(/usr/share/texlive/texmf-dist/tex/generic/pgf/basiclayer/pgfcorearrows.code.te
x
File: pgfcorearrows.code.tex 2015/05/14  (rcs-revision 1.43)
\pgfarrowsep=\dimen269
)
(/usr/share/texlive/texmf-dist/tex/generic/pgf/basiclayer/pgfcoreshade.code.tex
File: pgfcoreshade.code.tex 2013/07/15  (rcs-revision 1.15)
\pgf@max=\dimen270
\pgf@sys@shading@range@num=\count170
)
(/usr/share/texlive/texmf-dist/tex/generic/pgf/basiclayer/pgfcoreimage.code.tex
File: pgfcoreimage.code.tex 2013/07/15  (rcs-revision 1.18)

(/usr/share/texlive/texmf-dist/tex/generic/pgf/basiclayer/pgfcoreexternal.code.
tex
File: pgfcoreexternal.code.tex 2014/07/09  (rcs-revision 1.21)
\pgfexternal@startupbox=\box51
))
(/usr/share/texlive/texmf-dist/tex/generic/pgf/basiclayer/pgfcorelayers.code.te
x
File: pgfcorelayers.code.tex 2013/07/18  (rcs-revision 1.7)
)
(/usr/share/texlive/texmf-dist/tex/generic/pgf/basiclayer/pgfcoretransparency.c
ode.tex
File: pgfcoretransparency.code.tex 2013/09/30  (rcs-revision 1.5)
)
(/usr/share/texlive/texmf-dist/tex/generic/pgf/basiclayer/pgfcorepatterns.code.
tex
File: pgfcorepatterns.code.tex 2013/11/07  (rcs-revision 1.5)
)))
(/usr/share/texlive/texmf-dist/tex/generic/pgf/modules/pgfmoduleshapes.code.tex
File: pgfmoduleshapes.code.tex 2014/03/21  (rcs-revision 1.35)
\pgfnodeparttextbox=\box52
) (/usr/share/texlive/texmf-dist/tex/generic/pgf/modules/pgfmoduleplot.code.tex
File: pgfmoduleplot.code.tex 2015/08/03  (rcs-revision 1.13)
)
(/usr/share/texlive/texmf-dist/tex/latex/pgf/compatibility/pgfcomp-version-0-65
.sty
Package: pgfcomp-version-0-65 2007/07/03 v3.0.1a (rcs-revision 1.7)
\pgf@nodesepstart=\dimen271
\pgf@nodesepend=\dimen272
)
(/usr/share/texlive/texmf-dist/tex/latex/pgf/compatibility/pgfcomp-version-1-18
.sty
Package: pgfcomp-version-1-18 2007/07/23 v3.0.1a (rcs-revision 1.1)
)) (/usr/share/texlive/texmf-dist/tex/latex/pgf/utilities/pgffor.sty
(/usr/share/texlive/texmf-dist/tex/latex/pgf/math/pgfmath.sty
(/usr/share/texlive/texmf-dist/tex/generic/pgf/math/pgfmath.code.tex))
(/usr/share/texlive/texmf-dist/tex/generic/pgf/utilities/pgffor.code.tex
Package: pgffor 2013/12/13 v3.0.1a (rcs-revision 1.25)

(/usr/share/texlive/texmf-dist/tex/generic/pgf/math/pgfmath.code.tex)
\pgffor@iter=\dimen273
\pgffor@skip=\dimen274
\pgffor@stack=\toks33
\pgffor@toks=\toks34
))
(/usr/share/texlive/texmf-dist/tex/generic/pgf/frontendlayer/tikz/tikz.code.tex
Package: tikz 2015/08/07 v3.0.1a (rcs-revision 1.151)

(/usr/share/texlive/texmf-dist/tex/generic/pgf/libraries/pgflibraryplothandlers
.code.tex
File: pgflibraryplothandlers.code.tex 2013/08/31 v3.0.1a (rcs-revision 1.20)
\pgf@plot@mark@count=\count171
\pgfplotmarksize=\dimen275
)
\tikz@lastx=\dimen276
\tikz@lasty=\dimen277
\tikz@lastxsaved=\dimen278
\tikz@lastysaved=\dimen279
\tikzleveldistance=\dimen280
\tikzsiblingdistance=\dimen281
\tikz@figbox=\box53
\tikz@figbox@bg=\box54
\tikz@tempbox=\box55
\tikz@tempbox@bg=\box56
\tikztreelevel=\count172
\tikznumberofchildren=\count173
\tikznumberofcurrentchild=\count174
\tikz@fig@count=\count175

(/usr/share/texlive/texmf-dist/tex/generic/pgf/modules/pgfmodulematrix.code.tex
File: pgfmodulematrix.code.tex 2013/09/17  (rcs-revision 1.8)
\pgfmatrixcurrentrow=\count176
\pgfmatrixcurrentcolumn=\count177
\pgf@matrix@numberofcolumns=\count178
)
\tikz@expandcount=\count179

(/usr/share/texlive/texmf-dist/tex/generic/pgf/frontendlayer/tikz/libraries/tik
zlibrarytopaths.code.tex
File: tikzlibrarytopaths.code.tex 2008/06/17 v3.0.1a (rcs-revision 1.2)
)))
(/usr/share/texlive/texmf-dist/tex/latex/mdframed/md-frame-1.mdf
File: md-frame-1.mdf 2013/07/01\ 1.9b: md-frame-1
)
\mdf@frametitlebox=\box57
\mdf@footnotebox=\box58
\mdf@splitbox@one=\box59
\mdf@splitbox@two=\box60
\mdf@splitbox@save=\box61
\mdfsplitboxwidth=\skip97
\mdfsplitboxtotalwidth=\skip98
\mdfsplitboxheight=\skip99
\mdfsplitboxdepth=\skip100
\mdfsplitboxtotalheight=\skip101
\mdfframetitleboxwidth=\skip102
\mdfframetitleboxtotalwidth=\skip103
\mdfframetitleboxheight=\skip104
\mdfframetitleboxdepth=\skip105
\mdfframetitleboxtotalheight=\skip106
\mdffootnoteboxwidth=\skip107
\mdffootnoteboxtotalwidth=\skip108
\mdffootnoteboxheight=\skip109
\mdffootnoteboxdepth=\skip110
\mdffootnoteboxtotalheight=\skip111
\mdftotallinewidth=\skip112
\mdfboundingboxwidth=\skip113
\mdfboundingboxtotalwidth=\skip114
\mdfboundingboxheight=\skip115
\mdfboundingboxdepth=\skip116
\mdfboundingboxtotalheight=\skip117
\mdf@freevspace@length=\skip118
\mdf@horizontalwidthofbox@length=\skip119
\mdf@verticalmarginwhole@length=\skip120
\mdf@horizontalspaceofbox=\skip121
\mdfsubtitleheight=\skip122
\mdfsubsubtitleheight=\skip123
\c@mdfcountframes=\count180

****** mdframed patching \endmdf@trivlist

****** -- success******

.................................................
. LaTeX info: "xparse/define-command"
. 
. Defining command \newmdtheoremenv with sig. 'O{} m o m o ' on line 601.
.................................................
.................................................
. LaTeX info: "xparse/define-command"
. 
. Defining command \mdtheorem with sig. ' O{} m o m o ' on line 701.
.................................................
\mdf@envdepth=\count181
\c@mdf@env@i=\count182
\c@mdf@env@ii=\count183
\c@mdf@zref@counter=\count184
Package zref Info: New property: mdf@pagevalue on input line 895.
)
(/usr/share/texlive/texmf-dist/tex/latex/url/url.sty
\Urlmuskip=\muskip18
Package: url 2013/09/16  ver 3.4  Verb mode for urls, etc.
)
(/usr/share/texlive/texmf-dist/tex/latex/base/flafter.sty
Package: flafter 2015/09/05 v1.3a Standard LaTeX floats after reference (FMi)
Applying: [2015/01/01] float order in 2-column on input line 49.
Already applied: [0000/00/00] float order in 2-column on input line 151.
)
(/usr/share/texlive/texmf-dist/tex/latex/parskip/parskip.sty
Package: parskip 2001/04/09 non-zero parskip adjustments
)
(/usr/share/texlive/texmf-dist/tex/latex/setspace/setspace.sty
Package: setspace 2011/12/19 v6.7a set line spacing
)
(/usr/share/texlive/texmf-dist/tex/latex/hyperref/hyperref.sty
Package: hyperref 2012/11/06 v6.83m Hypertext links for LaTeX

(/usr/share/texlive/texmf-dist/tex/generic/oberdiek/hobsub-hyperref.sty
Package: hobsub-hyperref 2012/05/28 v1.13 Bundle oberdiek, subset hyperref (HO)


(/usr/share/texlive/texmf-dist/tex/generic/oberdiek/hobsub-generic.sty
Package: hobsub-generic 2012/05/28 v1.13 Bundle oberdiek, subset generic (HO)
Package: hobsub 2012/05/28 v1.13 Construct package bundles (HO)
Package hobsub Info: Skipping package `infwarerr' (already loaded).
Package hobsub Info: Skipping package `ltxcmds' (already loaded).
Package hobsub Info: Skipping package `ifluatex' (already loaded).
Package hobsub Info: Skipping package `ifvtex' (already loaded).
Package: intcalc 2007/09/27 v1.1 Expandable calculations with integers (HO)
Package hobsub Info: Skipping package `ifpdf' (already loaded).
Package hobsub Info: Skipping package `etexcmds' (already loaded).
Package hobsub Info: Skipping package `kvsetkeys' (already loaded).
Package hobsub Info: Skipping package `kvdefinekeys' (already loaded).
Package hobsub Info: Skipping package `pdftexcmds' (already loaded).
Package: pdfescape 2011/11/25 v1.13 Implements pdfTeX's escape features (HO)
Package: bigintcalc 2012/04/08 v1.3 Expandable calculations on big integers (HO
)
Package: bitset 2011/01/30 v1.1 Handle bit-vector datatype (HO)
Package: uniquecounter 2011/01/30 v1.2 Provide unlimited unique counter (HO)
)
Package hobsub Info: Skipping package `hobsub' (already loaded).
Package: letltxmacro 2010/09/02 v1.4 Let assignment for LaTeX macros (HO)
Package: hopatch 2012/05/28 v1.2 Wrapper for package hooks (HO)
Package: xcolor-patch 2011/01/30 xcolor patch
Package: atveryend 2011/06/30 v1.8 Hooks at the very end of document (HO)
Package hobsub Info: Skipping package `atbegshi' (already loaded).
Package: refcount 2011/10/16 v3.4 Data extraction from label references (HO)
Package: hycolor 2011/01/30 v1.7 Color options for hyperref/bookmark (HO)
)
\@linkdim=\dimen282
\Hy@linkcounter=\count185
\Hy@pagecounter=\count186

(/usr/share/texlive/texmf-dist/tex/latex/hyperref/pd1enc.def
File: pd1enc.def 2012/11/06 v6.83m Hyperref: PDFDocEncoding definition (HO)
)
\Hy@SavedSpaceFactor=\count187

(/usr/share/texlive/texmf-dist/tex/latex/latexconfig/hyperref.cfg
File: hyperref.cfg 2002/06/06 v1.2 hyperref configuration of TeXLive
)
Package hyperref Info: Hyper figures OFF on input line 4443.
Package hyperref Info: Link nesting OFF on input line 4448.
Package hyperref Info: Hyper index ON on input line 4451.
Package hyperref Info: Plain pages OFF on input line 4458.
Package hyperref Info: Backreferencing OFF on input line 4463.
Package hyperref Info: Implicit mode ON; LaTeX internals redefined.
Package hyperref Info: Bookmarks ON on input line 4688.
\c@Hy@tempcnt=\count188
LaTeX Info: Redefining \url on input line 5041.
\XeTeXLinkMargin=\dimen283
\Fld@menulength=\count189
\Field@Width=\dimen284
\Fld@charsize=\dimen285
Package hyperref Info: Hyper figures OFF on input line 6295.
Package hyperref Info: Link nesting OFF on input line 6300.
Package hyperref Info: Hyper index ON on input line 6303.
Package hyperref Info: backreferencing OFF on input line 6310.
Package hyperref Info: Link coloring OFF on input line 6315.
Package hyperref Info: Link coloring with OCG OFF on input line 6320.
Package hyperref Info: PDF/A mode OFF on input line 6325.
LaTeX Info: Redefining \ref on input line 6365.
LaTeX Info: Redefining \pageref on input line 6369.
\Hy@abspage=\count190
\c@Item=\count191
\c@Hfootnote=\count192
)

Package hyperref Message: Driver (autodetected): hxetex.

(/usr/share/texlive/texmf-dist/tex/latex/hyperref/hxetex.def
File: hxetex.def 2012/11/06 v6.83m Hyperref driver for XeTeX

(/usr/share/texlive/texmf-dist/tex/latex/hyperref/puenc.def
File: puenc.def 2012/11/06 v6.83m Hyperref: PDF Unicode definition (HO)
)
(/usr/share/texlive/texmf-dist/tex/generic/oberdiek/stringenc.sty
Package: stringenc 2011/12/02 v1.10 Convert strings between diff. encodings (HO
)
)
\pdfm@box=\box62
\c@Hy@AnnotLevel=\count193
\HyField@AnnotCount=\count194
\Fld@listcount=\count195
\c@bookmark@seq@number=\count196

(/usr/share/texlive/texmf-dist/tex/latex/oberdiek/rerunfilecheck.sty
Package: rerunfilecheck 2011/04/15 v1.7 Rerun checks for auxiliary files (HO)
Package rerunfilecheck Info: Feature \pdfmdfivesum is not available
(rerunfilecheck)             (e.g. pdfTeX or LuaTeX with package `pdftexcmds').

(rerunfilecheck)             Therefore file contents cannot be checked efficien
tly
(rerunfilecheck)             and the loading of the package is aborted.
)
\Hy@SectionHShift=\skip124
)
(/usr/share/texlive/texmf-dist/tex/latex/pdfpages/pdfpages.sty
Package: pdfpages 2015/09/18 v0.5d Insert pages of external PDF documents (AM)

(/usr/share/texlive/texmf-dist/tex/latex/tools/calc.sty
Package: calc 2014/10/28 v4.3 Infix arithmetic (KKT,FJ)
\calc@Acount=\count197
\calc@Bcount=\count198
\calc@Adimen=\dimen286
\calc@Bdimen=\dimen287
\calc@Askip=\skip125
\calc@Bskip=\skip126
LaTeX Info: Redefining \setlength on input line 80.
LaTeX Info: Redefining \addtolength on input line 81.
\calc@Ccount=\count199
\calc@Cskip=\skip127
)
(/usr/share/texlive/texmf-dist/tex/latex/eso-pic/eso-pic.sty
Package: eso-pic 2015/07/21 v2.0g eso-pic (RN)
)
\AM@pagewidth=\dimen288
\AM@pageheight=\dimen289

(/usr/share/texlive/texmf-dist/tex/latex/pdfpages/ppxetex.def
File: ppxetex.def 2015/09/18 v0.5d Pdfpages driver for XeTeX (AM)
)
\AM@pagebox=\box63
\AM@toc@title=\toks35
\c@AM@survey=\count266
\AM@templatesizebox=\box64
)
(/usr/share/texlive/texmf-dist/tex/latex/caption/caption.sty
Package: caption 2016/02/21 v3.3-144 Customizing captions (AR)

(/usr/share/texlive/texmf-dist/tex/latex/caption/caption3.sty
Package: caption3 2016/02/04 v1.7-139 caption3 kernel (AR)
Package caption3 Info: TeX engine: e-TeX on input line 67.
\captionmargin=\dimen290
\captionmargin@=\dimen291
\captionwidth=\dimen292
\caption@tempdima=\dimen293
\caption@indent=\dimen294
\caption@parindent=\dimen295
\caption@hangindent=\dimen296
)
\c@ContinuedFloat=\count267
Package caption Info: hyperref package is loaded.
)
(/usr/share/texlive/texmf-dist/tex/latex/caption/subcaption.sty
Package: subcaption 2016/02/20 v1.1-142 Sub-captions (AR)
\c@subfigure=\count268
\c@subtable=\count269
)
(/usr/share/texlive/texmf-dist/tex/latex/tools/array.sty
Package: array 2014/10/28 v2.4c Tabular extension package (FMi)
\col@sep=\dimen297
\extrarowheight=\dimen298
\NC@list=\toks36
\extratabsurround=\skip128
\backup@length=\skip129
)
(/usr/share/texlive/texmf-dist/tex/latex/multirow/multirow.sty
\bigstrutjot=\dimen299
)
(/usr/share/texlive/texmf-dist/tex/latex/booktabs/booktabs.sty
Package: booktabs 2005/04/14 v1.61803 publication quality tables
\heavyrulewidth=\dimen300
\lightrulewidth=\dimen301
\cmidrulewidth=\dimen302
\belowrulesep=\dimen303
\belowbottomsep=\dimen304
\aboverulesep=\dimen305
\abovetopsep=\dimen306
\cmidrulesep=\dimen307
\cmidrulekern=\dimen308
\defaultaddspace=\dimen309
\@cmidla=\count270
\@cmidlb=\count271
\@aboverulesep=\dimen310
\@belowrulesep=\dimen311
\@thisruleclass=\count272
\@lastruleclass=\count273
\@thisrulewidth=\dimen312
)
(/usr/share/texlive/texmf-dist/tex/latex/diagbox/diagbox.sty
Package: diagbox 2016/02/24 v2.1 Making table heads with diagonal lines

(/usr/share/texlive/texmf-dist/tex/latex/pict2e/pict2e.sty
Package: pict2e 2016/02/05 v0.3b Improved picture commands (HjG,RN,JT)

(/usr/share/texlive/texmf-dist/tex/latex/pict2e/pict2e.cfg
File: pict2e.cfg 2016/02/05 v0.1u pict2e configuration for teTeX/TeXLive
)
Package pict2e Info: Driver file: xetex.def on input line 119.
Package pict2e Info: Driver file for pict2e: p2e-xetex.def on input line 121.

(/usr/share/texlive/texmf-dist/tex/latex/pict2e/p2e-xetex.def
File: p2e-xetex.def 2016/02/05 v0.1u Driver-dependant file (RN,HjG,JT)
)
\pIIe@GRAPH=\toks37
\@arclen=\dimen313
\@arcrad=\dimen314
\@tempdimd=\dimen315
)
\diagbox@boxa=\box65
\diagbox@boxb=\box66
\diagbox@boxm=\box67
\diagbox@wd=\dimen316
\diagbox@ht=\dimen317
\diagbox@insepl=\dimen318
\diagbox@insepr=\dimen319
\diagbox@outsepl=\dimen320
\diagbox@outsepr=\dimen321
)
(/usr/share/texlive/texmf-dist/tex/latex/comment/comment.sty
\CommentStream=\write4

Excluding comment 'comment')
(/usr/share/texlive/texmf-dist/tex/latex/koma-script/tocstyle.sty
Package: tocstyle 2013/08/11 v0.2e-alpha KOMA-Script package (versatile toc sty
les)


Package tocstyle Warning: THIS IS AN ALPHA VERSION!
(tocstyle)                USAGE OF THIS VERSION IS ON YOUR OWN RISK!
(tocstyle)                EVERYTHING MAY HAPPEN!
(tocstyle)                EVERYTHING MAY CHANGE IN FUTURE!
(tocstyle)                THERE IS NO SUPPORT, IF YOU USE THIS PACKAGE!
(tocstyle)                Maybe it would be better, not to load this package.

\tocstyle@indentstyle=\count274
Package tocstyle Info: no tocstyle.cfg found on input line 856.
)
exclude: 
exclude: 
exclude: 
exclude: 
exclude: 
exclude: 
exclude: 
(/usr/share/texlive/texmf-dist/tex/latex/zhnumber/zhnumber.sty
Package: zhnumber 2016/02/02 v2.3 Typesetting numbers with Chinese glyphs
.................................................
. LaTeX info: "xparse/define-command"
. 
. Defining command \zhnumber with sig. '+o+m' on line 45.
.................................................
.................................................
. LaTeX info: "xparse/define-command"
. 
. Defining command \zhnumberwithoptions with sig. '+m+m' on line 52.
.................................................
.................................................
. LaTeX info: "xparse/define-command"
. 
. Defining command \zhnum with sig. '+o+m' on line 106.
.................................................
.................................................
. LaTeX info: "xparse/define-command"
. 
. Defining command \zhnumwithoptions with sig. '+m+m' on line 113.
.................................................
.................................................
. LaTeX info: "xparse/define-command"
. 
. Defining command \zhdigits with sig. '+s+o+m' on line 291.
.................................................
.................................................
. LaTeX info: "xparse/define-command"
. 
. Defining command \zhdigitswithoptions with sig. '+m+m+m' on line 298.
.................................................
.................................................
. LaTeX info: "xparse/define-command"
. 
. Defining command \zhdate with sig. '+s+m' on line 357.
.................................................
\l__zhnum_scale_int=\count275
.................................................
. LaTeX info: "xparse/define-command"
. 
. Defining command \zhnumExtendScaleMap with sig. '>{\TrimSpaces }+o+m' on
. line 467.
.................................................
.................................................
. LaTeX info: "xparse/define-command"
. 
. Defining command \zhnumsetup with sig. '+m' on line 898.
.................................................

(/usr/share/texlive/texmf-dist/tex/latex/zhnumber/zhnumber-utf8.cfg
File: zhnumber-utf8.cfg 2016/02/02 v2.3 Chinese numerals with UTF8 encoding
))
(/usr/share/texlive/texmf-dist/tex/latex/algorithms/algorithm.sty
Invalid UTF-8 byte or sequence at line 11 replaced by U+FFFD.
Package: algorithm 2009/08/24 v0.1 Document Style `algorithm' - floating enviro
nment

(/usr/share/texlive/texmf-dist/tex/latex/float/float.sty
Package: float 2001/11/08 v1.3d Float enhancements (AL)
\c@float@type=\count276
\float@exts=\toks38
\float@box=\box68
\@float@everytoks=\toks39
\@floatcapt=\box69
)
\@float@every@algorithm=\toks40
\c@algorithm=\count277
)
(/usr/share/texlive/texmf-dist/tex/latex/algorithmicx/algpseudocode.sty
Package: algpseudocode 

(/usr/share/texlive/texmf-dist/tex/latex/algorithmicx/algorithmicx.sty
Package: algorithmicx 2005/04/27 v1.2 Algorithmicx

Document Style algorithmicx 1.2 - a greatly improved `algorithmic' style
\c@ALG@line=\count278
\c@ALG@rem=\count279
\c@ALG@nested=\count280
\ALG@tlm=\skip130
\ALG@thistlm=\skip131
\c@ALG@Lnr=\count281
\c@ALG@blocknr=\count282
\c@ALG@storecount=\count283
\c@ALG@tmpcounter=\count284
\ALG@tmplength=\skip132
)
Document Style - pseudocode environments for use with the `algorithmicx' style
) (/usr/share/texlive/texmf-dist/tex/latex/amscls/amsthm.sty
Package: amsthm 2015/03/04 v2.20.2
\thm@style=\toks41
\thm@bodyfont=\toks42
\thm@headfont=\toks43
\thm@notefont=\toks44
\thm@headpunct=\toks45
\thm@preskip=\skip133
\thm@postskip=\skip134
\thm@headsep=\skip135
\dth@everypar=\toks46
)
(/usr/share/texlive/texmf-dist/tex/latex/amsfonts/amssymb.sty
Package: amssymb 2013/01/14 v3.01 AMS font symbols

(/usr/share/texlive/texmf-dist/tex/latex/amsfonts/amsfonts.sty
Package: amsfonts 2013/01/14 v3.01 Basic AMSFonts support
\symAMSa=\mathgroup4
\symAMSb=\mathgroup5
LaTeX Font Info:    Overwriting math alphabet `\mathfrak' in version `bold'
(Font)                  U/euf/m/n --> U/euf/b/n on input line 106.
))

! LaTeX Error: File `./template/command/command.tex' not found.

Type X to quit or <RETURN> to proceed,
or enter new name. (Default extension: tex)

Enter file name: 
! Emergency stop.
<read *> 
         
l.138 \input{./template/command/command}
                                        ^^M
*** (cannot \read from terminal in nonstop modes)

 
Here is how much of TeX's memory you used:
 39460 strings out of 493638
 748057 string characters out of 6146796
 778862 words of memory out of 5000000
 42382 multiletter control sequences out of 15000+600000
 4346 words of font info for 22 fonts, out of 8000000 for 9000
 1328 hyphenation exceptions out of 8191
 66i,0n,64p,10417b,226s stack positions out of 5000i,500n,10000p,200000b,80000s
No pages of output.
